==5508== Memcheck, a memory error detector
==5508== Copyright (C) 2002-2017, and GNU GPL'd, by Julian Seward et al.
==5508== Using Valgrind-3.15.0 and LibVEX; rerun with -h for copyright info
==5508== Command: ./a.out
==5508== Parent PID: 988
==5508== 
==5508== Invalid read of size 8
==5508==    at 0x10B689: testrenormalization(void (*)(double*, int, double*, int)) (testalgo5and6.cpp:133)
==5508==    by 0x10C8B7: main (tests.cpp:13)
==5508==  Address 0x4dad1e0 is 0 bytes after a block of size 16 alloc'd
==5508==    at 0x483C583: operator new[](unsigned long) (in /usr/lib/x86_64-linux-gnu/valgrind/vgpreload_memcheck-amd64-linux.so)
==5508==    by 0x10B5D8: testrenormalization(void (*)(double*, int, double*, int)) (testalgo5and6.cpp:123)
==5508==    by 0x10C8B7: main (tests.cpp:13)
==5508== 
==5508== Invalid read of size 8
==5508==    at 0x10A61B: multiplication (basefunctions.c:229)
==5508==    by 0x10BD05: testmultiplication(void (*)(double*, double*, double*, int, int, int)) (testalgo5and6.cpp:205)
==5508==    by 0x10C8CF: main (tests.cpp:15)
==5508==  Address 0x4ddf600 is 0 bytes after a block of size 16 alloc'd
==5508==    at 0x483C583: operator new[](unsigned long) (in /usr/lib/x86_64-linux-gnu/valgrind/vgpreload_memcheck-amd64-linux.so)
==5508==    by 0x10BB1F: testmultiplication(void (*)(double*, double*, double*, int, int, int)) (testalgo5and6.cpp:196)
==5508==    by 0x10C8CF: main (tests.cpp:15)
==5508== 
==5508== Invalid read of size 8
==5508==    at 0x10A5FD: multiplication (basefunctions.c:229)
==5508==    by 0x10BD05: testmultiplication(void (*)(double*, double*, double*, int, int, int)) (testalgo5and6.cpp:205)
==5508==    by 0x10C8CF: main (tests.cpp:15)
==5508==  Address 0x4ddf5b0 is 0 bytes after a block of size 16 alloc'd
==5508==    at 0x483C583: operator new[](unsigned long) (in /usr/lib/x86_64-linux-gnu/valgrind/vgpreload_memcheck-amd64-linux.so)
==5508==    by 0x10BAEE: testmultiplication(void (*)(double*, double*, double*, int, int, int)) (testalgo5and6.cpp:195)
==5508==    by 0x10C8CF: main (tests.cpp:15)
==5508== 
==5508== Invalid read of size 8
==5508==    at 0x10A61B: multiplication (basefunctions.c:229)
==5508==    by 0x10C07A: testmultiplication(void (*)(double*, double*, double*, int, int, int)) (testalgo5and6.cpp:229)
==5508==    by 0x10C8CF: main (tests.cpp:15)
==5508==  Address 0x4de0400 is 0 bytes after a block of size 16 alloc'd
==5508==    at 0x483C583: operator new[](unsigned long) (in /usr/lib/x86_64-linux-gnu/valgrind/vgpreload_memcheck-amd64-linux.so)
==5508==    by 0x10BEB8: testmultiplication(void (*)(double*, double*, double*, int, int, int)) (testalgo5and6.cpp:220)
==5508==    by 0x10C8CF: main (tests.cpp:15)
==5508== 
==5508== Invalid read of size 8
==5508==    at 0x10A5FD: multiplication (basefunctions.c:229)
==5508==    by 0x10C07A: testmultiplication(void (*)(double*, double*, double*, int, int, int)) (testalgo5and6.cpp:229)
==5508==    by 0x10C8CF: main (tests.cpp:15)
==5508==  Address 0x4de03b0 is 0 bytes after a block of size 16 alloc'd
==5508==    at 0x483C583: operator new[](unsigned long) (in /usr/lib/x86_64-linux-gnu/valgrind/vgpreload_memcheck-amd64-linux.so)
==5508==    by 0x10BE8A: testmultiplication(void (*)(double*, double*, double*, int, int, int)) (testalgo5and6.cpp:219)
==5508==    by 0x10C8CF: main (tests.cpp:15)
==5508== 
==5508== Invalid read of size 8
==5508==    at 0x10A61B: multiplication (basefunctions.c:229)
==5508==    by 0x10C3C8: testmultiplication(void (*)(double*, double*, double*, int, int, int)) (testalgo5and6.cpp:252)
==5508==    by 0x10C8CF: main (tests.cpp:15)
==5508==  Address 0x4de1200 is 0 bytes after a block of size 16 alloc'd
==5508==    at 0x483C583: operator new[](unsigned long) (in /usr/lib/x86_64-linux-gnu/valgrind/vgpreload_memcheck-amd64-linux.so)
==5508==    by 0x10C206: testmultiplication(void (*)(double*, double*, double*, int, int, int)) (testalgo5and6.cpp:243)
==5508==    by 0x10C8CF: main (tests.cpp:15)
==5508== 
==5508== Invalid read of size 8
==5508==    at 0x10A5FD: multiplication (basefunctions.c:229)
==5508==    by 0x10C3C8: testmultiplication(void (*)(double*, double*, double*, int, int, int)) (testalgo5and6.cpp:252)
==5508==    by 0x10C8CF: main (tests.cpp:15)
==5508==  Address 0x4de11b0 is 0 bytes after a block of size 16 alloc'd
==5508==    at 0x483C583: operator new[](unsigned long) (in /usr/lib/x86_64-linux-gnu/valgrind/vgpreload_memcheck-amd64-linux.so)
==5508==    by 0x10C1D8: testmultiplication(void (*)(double*, double*, double*, int, int, int)) (testalgo5and6.cpp:242)
==5508==    by 0x10C8CF: main (tests.cpp:15)
==5508== 
==5508== Invalid write of size 8
==5508==    at 0x10CD6B: fast_VecSumErrBranchmul (reference.h:75)
==5508==    by 0x10DF6D: certifiedMul (reference.h:213)
==5508==    by 0x10C3F5: testmultiplication(void (*)(double*, double*, double*, int, int, int)) (testalgo5and6.cpp:253)
==5508==    by 0x10C8CF: main (tests.cpp:15)
==5508==  Address 0x4de12a0 is 0 bytes after a block of size 16 alloc'd
==5508==    at 0x483C583: operator new[](unsigned long) (in /usr/lib/x86_64-linux-gnu/valgrind/vgpreload_memcheck-amd64-linux.so)
==5508==    by 0x10C28D: testmultiplication(void (*)(double*, double*, double*, int, int, int)) (testalgo5and6.cpp:245)
==5508==    by 0x10C8CF: main (tests.cpp:15)
==5508== 
==5508== Invalid read of size 8
==5508==    at 0x10CD9F: fast_VecSumErrBranchmul (reference.h:76)
==5508==    by 0x10DF6D: certifiedMul (reference.h:213)
==5508==    by 0x10C3F5: testmultiplication(void (*)(double*, double*, double*, int, int, int)) (testalgo5and6.cpp:253)
==5508==    by 0x10C8CF: main (tests.cpp:15)
==5508==  Address 0x4de12a0 is 0 bytes after a block of size 16 alloc'd
==5508==    at 0x483C583: operator new[](unsigned long) (in /usr/lib/x86_64-linux-gnu/valgrind/vgpreload_memcheck-amd64-linux.so)
==5508==    by 0x10C28D: testmultiplication(void (*)(double*, double*, double*, int, int, int)) (testalgo5and6.cpp:245)
==5508==    by 0x10C8CF: main (tests.cpp:15)
==5508== 
==5508== Invalid write of size 8
==5508==    at 0x10CDF0: fast_VecSumErrBranchmul (reference.h:78)
==5508==    by 0x10DF6D: certifiedMul (reference.h:213)
==5508==    by 0x10C3F5: testmultiplication(void (*)(double*, double*, double*, int, int, int)) (testalgo5and6.cpp:253)
==5508==    by 0x10C8CF: main (tests.cpp:15)
==5508==  Address 0x4de12a0 is 0 bytes after a block of size 16 alloc'd
==5508==    at 0x483C583: operator new[](unsigned long) (in /usr/lib/x86_64-linux-gnu/valgrind/vgpreload_memcheck-amd64-linux.so)
==5508==    by 0x10C28D: testmultiplication(void (*)(double*, double*, double*, int, int, int)) (testalgo5and6.cpp:245)
==5508==    by 0x10C8CF: main (tests.cpp:15)
==5508== 
==5508== Invalid read of size 8
==5508==    at 0x10C424: testmultiplication(void (*)(double*, double*, double*, int, int, int)) (testalgo5and6.cpp:255)
==5508==    by 0x10C8CF: main (tests.cpp:15)
==5508==  Address 0x4de12a0 is 0 bytes after a block of size 16 alloc'd
==5508==    at 0x483C583: operator new[](unsigned long) (in /usr/lib/x86_64-linux-gnu/valgrind/vgpreload_memcheck-amd64-linux.so)
==5508==    by 0x10C28D: testmultiplication(void (*)(double*, double*, double*, int, int, int)) (testalgo5and6.cpp:245)
==5508==    by 0x10C8CF: main (tests.cpp:15)
==5508== 
==5508== Invalid read of size 8
==5508==    at 0x10C444: testmultiplication(void (*)(double*, double*, double*, int, int, int)) (testalgo5and6.cpp:255)
==5508==    by 0x10C8CF: main (tests.cpp:15)
==5508==  Address 0x4de1250 is 0 bytes after a block of size 16 alloc'd
==5508==    at 0x483C583: operator new[](unsigned long) (in /usr/lib/x86_64-linux-gnu/valgrind/vgpreload_memcheck-amd64-linux.so)
==5508==    by 0x10C239: testmultiplication(void (*)(double*, double*, double*, int, int, int)) (testalgo5and6.cpp:244)
==5508==    by 0x10C8CF: main (tests.cpp:15)
==5508== 
==5508== 
==5508== HEAP SUMMARY:
==5508==     in use at exit: 0 bytes in 0 blocks
==5508==   total heap usage: 646 allocs, 646 frees, 263,280 bytes allocated
==5508== 
==5508== All heap blocks were freed -- no leaks are possible
==5508== 
==5508== For lists of detected and suppressed errors, rerun with: -s
==5508== ERROR SUMMARY: 1073 errors from 12 contexts (suppressed: 0 from 0)
